SF:lib\app\controller\login_controller.dart
DA:20,1
DA:21,1
DA:25,0
DA:26,0
DA:30,0
DA:31,0
DA:33,0
DA:38,0
DA:39,0
DA:40,0
DA:41,0
DA:45,0
DA:46,0
DA:47,0
DA:48,0
DA:50,0
DA:51,0
DA:52,0
LF:18
LH:2
end_of_record
SF:lib\app\pages\login_page.dart
DA:15,2
DA:18,1
DA:20,1
DA:21,1
DA:22,1
DA:23,1
DA:24,1
DA:33,2
DA:34,1
DA:35,1
DA:36,1
DA:39,1
DA:40,1
DA:41,3
DA:43,1
DA:44,1
DA:45,3
DA:46,3
DA:49,1
DA:50,1
DA:51,1
DA:54,1
DA:55,3
DA:59,1
DA:60,1
DA:61,2
DA:73,0
DA:74,0
DA:79,0
DA:80,0
DA:81,0
DA:82,0
DA:83,0
DA:84,0
DA:85,0
DA:87,0
DA:88,0
DA:89,0
DA:90,0
DA:94,0
DA:95,0
DA:97,0
DA:100,0
DA:101,0
DA:102,0
DA:103,0
DA:104,0
DA:106,0
DA:107,0
DA:108,0
DA:109,0
DA:110,0
DA:112,0
DA:113,0
DA:114,0
DA:124,0
DA:125,0
DA:126,0
DA:131,0
DA:133,0
DA:135,0
DA:136,0
DA:137,0
DA:138,0
DA:139,0
DA:146,0
DA:148,0
DA:149,0
DA:150,0
DA:151,0
DA:152,0
DA:153,0
DA:165,1
DA:166,1
DA:167,3
DA:168,3
DA:169,1
DA:170,1
DA:171,1
DA:173,1
DA:174,1
DA:175,1
DA:176,3
DA:178,1
DA:179,3
DA:180,3
DA:181,1
DA:185,1
DA:187,1
DA:189,1
DA:192,1
DA:193,3
DA:194,3
DA:195,1
DA:196,1
DA:198,1
DA:199,3
DA:200,3
DA:201,1
DA:202,1
DA:204,1
DA:205,1
DA:206,1
DA:207,1
DA:208,2
DA:210,1
DA:211,0
DA:212,0
DA:221,1
DA:222,1
DA:223,3
DA:228,1
DA:229,0
DA:230,0
DA:231,0
DA:232,0
DA:233,0
DA:240,1
DA:242,1
DA:243,1
DA:244,4
DA:245,1
DA:246,1
DA:247,3
LF:124
LH:71
end_of_record
SF:lib\shared\auth\firebase_auth.dart
DA:6,0
DA:8,0
DA:11,0
DA:13,0
DA:18,0
DA:19,0
DA:24,0
DA:29,0
DA:34,0
DA:35,0
DA:39,0
DA:41,0
DA:42,0
DA:43,0
DA:48,0
DA:49,0
LF:16
LH:0
end_of_record
SF:lib\app\erroHandler\auth_handdler.dart
DA:4,0
DA:6,0
DA:9,0
DA:12,0
DA:15,0
DA:18,0
DA:20,0
DA:22,0
DA:24,0
LF:9
LH:0
end_of_record
SF:lib\app\security\encrypt_service.dart
DA:10,0
DA:11,0
DA:12,0
DA:13,0
DA:14,0
DA:15,0
DA:17,0
DA:19,0
DA:20,0
DA:22,0
DA:24,0
DA:25,0
DA:26,0
DA:27,0
DA:30,0
DA:31,0
DA:32,0
DA:35,0
DA:36,0
DA:37,0
DA:38,0
DA:39,0
DA:40,0
DA:42,0
DA:43,0
DA:45,0
DA:46,0
DA:48,0
DA:49,0
DA:50,0
DA:51,0
DA:53,0
DA:54,0
DA:57,0
DA:58,0
DA:59,0
DA:60,0
DA:62,0
DA:63,0
DA:64,0
LF:40
LH:0
end_of_record
SF:lib\app\data\model\local_data_model.dart
DA:4,0
DA:6,0
DA:9,0
DA:19,0
DA:20,0
DA:21,0
DA:22,0
DA:25,0
DA:26,0
DA:27,0
DA:28,0
LF:11
LH:0
end_of_record
SF:lib\app\data\model\user_data_model.dart
DA:2,0
DA:6,0
DA:7,0
DA:8,0
DA:13,0
DA:14,0
DA:15,0
DA:16,0
LF:8
LH:0
end_of_record
SF:lib\shared\themes\app_text_stayle.dart
DA:8,0
DA:14,0
DA:22,0
DA:27,3
DA:33,0
LF:5
LH:1
end_of_record
SF:lib\app\widgets\form_login_widget.dart
DA:8,2
DA:18,1
DA:21,1
DA:23,1
DA:24,2
DA:25,1
DA:26,1
DA:27,1
DA:28,1
DA:30,1
DA:31,1
DA:32,1
DA:34,1
DA:35,1
DA:42,1
DA:43,2
DA:44,1
DA:46,1
DA:48,1
DA:50,3
DA:54,0
DA:55,0
DA:58,0
DA:61,0
DA:62,0
DA:67,0
DA:68,0
LF:27
LH:20
end_of_record
